<?xml version="1.0" encoding="UTF-8"?>
<!-- Generated by org.testng.reporters.JUnitXMLReporter -->
<testsuite hostname="EPRUIZHW0328" ignored="0" name="test" tests="9" failures="0" timestamp="30 Aug 2017 11:47:40 GMT" time="28.067" errors="0">
  <testcase name="loginTest" time="11.257" classname="test.AllTests"/>
  <testcase name="testNewMessageCreation" time="0.79" classname="test.AllTests"/>
  <testcase name="saveDraftTest" time="1.828" classname="test.AllTests"/>
  <testcase name="goToDraftsTest" time="0.302" classname="test.AllTests"/>
  <testcase name="checkDraftTest" time="1.393" classname="test.AllTests"/>
  <testcase name="sendMessageTest" time="0.155" classname="test.AllTests"/>
  <testcase name="checkMessageIsSent" time="1.517" classname="test.AllTests"/>
  <testcase name="checkSentPage" time="0.318" classname="test.AllTests"/>
  <testcase name="logoutTest" time="1.344" classname="test.AllTests"/>
</testsuite> <!-- test -->
